<?xml version="1.0" encoding="UTF-8"?>
<!-- Generated by org.testng.reporters.JUnitXMLReporter -->
<testsuite ignored="2" hostname="DESKTOP-KG2F7GI" failures="0" tests="2" name="Test" time="100.513" errors="0" timestamp="2022-10-01T14:25:52 IST">
  <testcase classname="testCase.login_tc" name="testcase1" time="3.08"/>
  <testcase classname="testCase.home_tc" name="testcase2" time="96.976"/>
  <testcase classname="base.baseClass" name="@AfterSuite tearDown" time="0.0">
    <ignored/>
  </testcase> <!-- @AfterSuite tearDown -->
  <testcase classname="base.baseClass" name="@BeforeSuite browserSetup" time="0.0">
    <ignored/>
  </testcase> <!-- @BeforeSuite browserSetup -->
</testsuite> <!-- Test -->
