<?xml version="1.0" encoding="UTF-8"?>
<!-- Generated by org.testng.reporters.JUnitXMLReporter -->
<testsuite ignored="4" hostname="DESKTOP-KG2F7GI" failures="0" tests="3" name="Functional Testing" time="14.84" errors="0" timestamp="2022-10-02T13:17:09 IST">
  <testcase classname="testCase.login_tc" name="testcase1" time="2.237"/>
  <testcase classname="testCase.home_tc" name="testcase2" time="8.536"/>
  <testcase classname="testCase.transfer_tc" name="testcase3" time="3.338"/>
  <testcase classname="base.baseClass" name="@BeforeSuite browserSetup" time="0.0">
    <ignored/>
  </testcase> <!-- @BeforeSuite browserSetup -->
  <testcase classname="base.baseClass" name="@AfterSuite tearDown" time="0.0">
    <ignored/>
  </testcase> <!-- @AfterSuite tearDown -->
  <testcase classname="base.baseClass" name="@BeforeSuite browserSetup" time="0.0">
    <ignored/>
  </testcase> <!-- @BeforeSuite browserSetup -->
  <testcase classname="base.baseClass" name="@AfterSuite tearDown" time="0.0">
    <ignored/>
  </testcase> <!-- @AfterSuite tearDown -->
</testsuite> <!-- Functional Testing -->
